[26/4/2023 19:6:20] /i plate armor
[26/4/2023 19:6:26] /i frozen heart
[26/4/2023 19:6:44] /m Forest Fury
[26/4/2023 19:6:47] /m Forest Fury
[26/4/2023 19:6:52] /m gravedigger
[26/4/2023 19:6:56] /m rat
[26/4/2023 19:7:35] /m juggernaut
[26/4/2023 19:8:15] /m Grimgor Guteater
[26/4/2023 19:8:41] /m rift lord
[26/4/2023 19:9:9] /m Snake God Essence
[26/4/2023 19:10:23] /i dead sandstone scorpion
[26/4/2023 19:13:31] /m donkey
[26/4/2023 19:13:35] /i dead donkey
[26/4/2023 19:14:23] /i music box
[26/4/2023 19:14:41] /i helmt of lost
[26/4/2023 19:14:50] /i helmt of the lost
[26/4/2023 20:10:29] /i Enormous Tree
[26/4/2023 20:12:7] /i Wand of Everblazing
[26/4/2023 20:12:14] /i Wand of Dimensions
[26/4/2023 20:12:37] /i ratana
[26/4/2023 20:12:54] /i ravenwing
[26/4/2023 20:18:41] /i Falcon Circlet
[26/4/2023 20:18:53] /i Dark Whispers
[26/4/2023 20:18:58] /i Gill Gugel
[26/4/2023 20:19:3] /i Depth Galea
[26/4/2023 20:19:16] /i Galea Mortis
[26/4/2023 20:19:26] /i Shroud of Despair
[26/4/2023 20:19:44] /i Tiara of Power
[26/4/2023 20:19:55] /i broken visor
[26/4/2023 20:20:1] /i crown
[26/4/2023 20:20:7] /i flower wreath
[26/4/2023 20:20:15] /i Ferumbras' Candy Hat
[26/4/2023 20:20:20] /i Hat of the Mad
[26/4/2023 20:20:32] /i golden crown
[26/4/2023 20:20:44] /i The Epic Wisdom
[26/4/2023 20:20:53] /i backpack
[26/4/2023 20:21:28] /i bears kin
[26/4/2023 20:21:33] /i Earthheart Hauberk
[26/4/2023 20:21:38] /i Firemind Raiment
[26/4/2023 20:21:47] /i Gnome Armor
[26/4/2023 20:21:52] /i ornate chestplate
[26/4/2023 20:22:3] /i Furious Frock
[26/4/2023 20:22:14] /i Gill Coat
[26/4/2023 20:22:27] /i Swan Feather Cloak
[26/4/2023 20:23:7] /i Umbral Master Spellbook
[26/4/2023 20:23:15] /i Spellbook of Ancient Arcana
[26/4/2023 20:24:37] /i Winged Boots
[26/4/2023 20:24:43] /i Void Boots
[26/4/2023 20:24:56] /i Boots of Homecoming
[26/4/2023 20:25:12] /i golden boots
[26/4/2023 20:25:38] /i Wand of Darkness
[26/4/2023 20:25:46] /i Shimmer Wand
[26/4/2023 20:26:5] /i Thorn Spitter
[26/4/2023 20:26:15] /i Crossbow of Destruction
[26/4/2023 20:26:36] /i Ferumbras Doll
[26/4/2023 20:26:46] /i Imortus
[26/4/2023 20:26:59] /i Old Radio
[26/4/2023 20:27:13] /i Tibiapedia
[26/4/2023 20:27:27] /i gnome legs
[26/4/2023 20:27:32] /i ornate legs
[26/4/2023 20:27:47] /i Icy Culottes
[26/4/2023 20:28:2] /i Grasshopper Legs
[26/4/2023 20:30:33] /i Collar of Red Plasma
[26/4/2023 20:32:19] /m Abyssador
[26/4/2023 20:35:2] /i muck rod
[26/4/2023 20:35:8] /i glacial rod
[26/4/2023 20:35:20] /i Shimmer Rod
[26/4/2023 20:37:19] /i Twiceslicer
[26/4/2023 20:37:56] /m Askarak Lord
[26/4/2023 20:37:58] /m Askarak Lord
[26/4/2023 20:38:33] /m Norgle Glacierbeard
[26/4/2023 20:38:49] /m Glitterscale
[26/4/2023 20:39:37] /m the mutated pumpkin
[26/4/2023 20:40:16] /m animated pumpkin
[26/4/2023 20:41:13] /m tomb servant
[26/4/2023 20:41:31] /m hot dog
[26/4/2023 20:41:53] /save
[26/4/2023 20:41:55] /reload monsters
[26/4/2023 20:41:59] /m hot dog
[26/4/2023 20:42:14] /i golden helmet
[26/4/2023 20:42:49] /clean
[26/4/2023 20:42:53] /save
[26/4/2023 20:44:7] /m gnomevil
[26/4/2023 20:44:8] /r
[26/4/2023 20:44:10] /r
[26/4/2023 20:44:12] /r
[26/4/2023 20:44:19] /r
[26/4/2023 20:44:22] /m hot dog
[26/4/2023 20:45:1] /save
[26/4/2023 20:45:3] /reload monsters
[26/4/2023 20:45:8] /m vampire pig
[26/4/2023 20:45:56] /save
[26/4/2023 20:45:58] /reload monsters
[26/4/2023 20:46:6] /m berserker chicken
[26/4/2023 20:47:56] /save
[26/4/2023 20:47:58] /reload monsters
[26/4/2023 20:48:17] /m testy
[26/4/2023 20:48:26] /m berserker chicken
[26/4/2023 20:48:50] /m boogey
[26/4/2023 20:49:3] /save
[26/4/2023 20:49:5] /reload monsters
[26/4/2023 20:49:7] /m boogey
[26/4/2023 20:49:14] /r
[26/4/2023 20:50:10] /save
[26/4/2023 20:50:12] /reload monsters
[26/4/2023 20:50:14] /m boogey
[26/4/2023 20:50:45] /save
[26/4/2023 20:50:46] /reload monsters
[26/4/2023 20:50:48] /m boogey
[26/4/2023 20:52:42] /save
[26/4/2023 20:52:43] /reload monsters
[26/4/2023 20:52:46] /m boogey
[26/4/2023 20:55:52] /save
[26/4/2023 20:55:53] /reload monsters
[26/4/2023 20:55:56] /m boogey
[26/4/2023 20:57:14] /reload monsters
[26/4/2023 20:57:17] /m boogey
[26/4/2023 20:59:34] /reload monsters
[26/4/2023 20:59:37] /m boogey
[26/4/2023 20:59:43] /r
[26/4/2023 20:59:44] /r
[26/4/2023 21:1:46] /save
[27/4/2023 0:50:13] /a 5
[27/4/2023 0:50:14] /a 5
[27/4/2023 0:50:14] /a 5
[27/4/2023 0:50:14] /a 5
[27/4/2023 0:50:15] /a 5
[27/4/2023 0:50:20] /a 5
[27/4/2023 0:50:20] /a 5
[27/4/2023 0:50:20] /a 5
[27/4/2023 0:50:21] /a 5
[27/4/2023 0:50:21] /a 5
[27/4/2023 0:50:21] /a 5
[27/4/2023 0:50:21] /a 5
[27/4/2023 0:50:21] /a 5
[27/4/2023 0:50:23] /a 5
[27/4/2023 0:50:23] /a 5
[27/4/2023 0:50:25] /a 5
[27/4/2023 0:50:26] /a 5
[27/4/2023 0:50:26] /a 5
[27/4/2023 0:50:28] /a 5
[27/4/2023 0:50:29] /a 5
[27/4/2023 0:50:32] /a 1
[27/4/2023 0:50:34] /a 5
[27/4/2023 0:50:37] /a 5
[27/4/2023 0:50:57] /a 5
[27/4/2023 0:50:57] /a 5
[27/4/2023 0:50:58] /a 5
[27/4/2023 0:50:58] /a 5
[27/4/2023 0:50:58] /a 5
[27/4/2023 0:50:58] /a 5
[27/4/2023 0:50:58] /a 5
[27/4/2023 0:50:59] /a 5
[27/4/2023 0:50:59] /a 5
[27/4/2023 0:50:59] /a 5
[27/4/2023 0:50:59] /a 5
[27/4/2023 0:50:59] /a 5
[27/4/2023 0:51:0] /a 5
[27/4/2023 0:51:0] /a 5
[27/4/2023 0:51:0] /a 5
[27/4/2023 0:51:0] /a 5
[27/4/2023 0:51:0] /a 5
[27/4/2023 0:51:1] /a 5
[27/4/2023 0:51:1] /a 5
[27/4/2023 0:51:1] /a 5
[27/4/2023 0:51:1] /a 5
[27/4/2023 0:51:2] /a 5
[27/4/2023 0:51:2] /a 5
[27/4/2023 0:51:3] /a 5
[27/4/2023 0:51:3] /a 5
[27/4/2023 0:51:3] /a 5
[27/4/2023 0:51:4] /a 5
[27/4/2023 0:51:4] /a 5
[27/4/2023 0:51:4] /a 5
[27/4/2023 0:51:5] /a 5
[27/4/2023 0:51:8] /t
[27/4/2023 0:51:14] /a 5
[27/4/2023 0:51:14] /a 5
[27/4/2023 0:52:30] /t
[27/4/2023 0:53:53] /t
[27/4/2023 19:54:16] /i crystal backpack
[27/4/2023 19:54:56] /m boogey
[27/4/2023 19:55:24] /r
[27/4/2023 19:55:28] /save
[27/4/2023 19:56:47] /i golden backpack
[27/4/2023 19:56:59] /i bag
[27/4/2023 19:58:31] /t
[27/4/2023 20:4:14] /t
[27/4/2023 20:5:34] /t
[27/4/2023 20:8:8] /t
[27/4/2023 20:9:36] /a 5
[27/4/2023 20:9:37] /a 5
[27/4/2023 20:9:37] /a 5
[27/4/2023 20:9:37] /a 5
[27/4/2023 20:9:37] /a 5
[27/4/2023 20:9:38] /a 5
[27/4/2023 20:9:38] /a 5
[27/4/2023 20:9:38] /a 5
[27/4/2023 20:9:38] /a 5
[27/4/2023 20:9:39] /a 5
[27/4/2023 20:9:39] /a 5
[27/4/2023 20:9:39] /a 5
[27/4/2023 20:9:39] /a 5
[27/4/2023 20:9:39] /a 5
[27/4/2023 20:9:40] /a 5
[27/4/2023 20:9:41] /a 5
[27/4/2023 20:9:43] /a 5
[27/4/2023 20:9:46] /a 5
[27/4/2023 20:9:47] /a 5
[27/4/2023 20:9:48] /a 5
[27/4/2023 20:9:48] /a 5
[27/4/2023 20:9:49] /a 5
[27/4/2023 20:9:50] /a 5
[27/4/2023 20:9:51] /a 5
[27/4/2023 20:9:51] /a 5
[27/4/2023 20:9:51] /a 5
[27/4/2023 20:9:52] /a 5
[27/4/2023 20:9:52] /a 5
[27/4/2023 20:9:52] /a 5
[27/4/2023 21:8:25] /a 1
[27/4/2023 21:8:29] /a 1
[27/4/2023 21:8:30] /a 1
[27/4/2023 21:9:3] /a 1
[27/4/2023 21:9:3] /a 1
[27/4/2023 21:9:3] /a 1
[27/4/2023 21:9:3] /a 1
[27/4/2023 21:9:4] /a 1
[27/4/2023 21:9:4] /a 1
[27/4/2023 21:9:4] /a 1
[27/4/2023 21:9:4] /a 1
[27/4/2023 21:9:4] /a 1
[27/4/2023 21:9:4] /a 1
[27/4/2023 21:9:5] /a 1
[27/4/2023 21:9:5] /a 1
[27/4/2023 21:9:5] /a 1
[27/4/2023 21:9:5] /a 1
[27/4/2023 21:9:5] /a 1
[27/4/2023 21:9:6] /a 1
[27/4/2023 21:9:6] /a 1
[27/4/2023 21:9:6] /a 1
[27/4/2023 21:9:6] /a 1
[27/4/2023 21:9:6] /a 1
[27/4/2023 21:9:6] /a 1
[27/4/2023 21:9:6] /a 1
[27/4/2023 21:9:7] /a 1
[27/4/2023 21:9:7] /a 1
[27/4/2023 21:9:7] /a 1
[27/4/2023 21:9:7] /a 1
[27/4/2023 21:9:7] /a 1
[27/4/2023 21:9:8] /t
[27/4/2023 21:9:26] /t
[27/4/2023 21:9:31] /a 1
[27/4/2023 21:9:32] /a 1
[27/4/2023 21:9:32] /a 1
[27/4/2023 21:9:32] /a 1
[27/4/2023 21:9:33] /a 1
[27/4/2023 21:9:33] /a 1
[27/4/2023 21:9:33] /a 1
[27/4/2023 21:9:34] /a 1
[27/4/2023 21:9:34] /a 1
[27/4/2023 21:9:36] /a 1
[27/4/2023 21:9:37] /t
[27/4/2023 21:9:38] /a 1
[27/4/2023 21:9:38] /a 1
[27/4/2023 21:9:38] /a 1
[27/4/2023 21:9:38] /a 1
[27/4/2023 21:9:39] /a 1
[27/4/2023 21:9:39] /a 1
[27/4/2023 21:9:40] /a 1
[27/4/2023 21:9:40] /a 1
[27/4/2023 21:9:42] /a 1
[27/4/2023 21:9:43] /a 1
[27/4/2023 21:9:44] /a 1
[27/4/2023 21:9:48] /a 1
[27/4/2023 21:9:49] /a 1
[27/4/2023 21:9:49] /a 1
[27/4/2023 21:9:50] /a 1
[27/4/2023 21:9:50] /a 1
[27/4/2023 21:9:50] /a 1
[27/4/2023 21:9:51] /a 1
[27/4/2023 21:9:52] /a 1
[27/4/2023 21:9:53] /t
[27/4/2023 21:9:54] /a 1
[27/4/2023 21:9:55] /a 1
[27/4/2023 21:9:56] /a 1
[27/4/2023 21:9:56] /a 1
[27/4/2023 21:9:57] /a 1
[27/4/2023 21:9:59] /a 1
[27/4/2023 21:10:0] /a 1
[27/4/2023 21:10:3] /a 1
[27/4/2023 21:10:3] /a 1
[27/4/2023 21:10:3] /a 1
[27/4/2023 21:10:3] /a 1
[27/4/2023 21:10:5] /a 1
[27/4/2023 21:10:5] /a 1
[27/4/2023 21:10:6] /t
[27/4/2023 21:10:7] /a 1
[27/4/2023 21:10:8] /a 1
[27/4/2023 21:10:8] /a 1
[27/4/2023 21:10:8] /a 1
[27/4/2023 21:10:14] /a 1
[27/4/2023 21:10:14] /a 1
[27/4/2023 21:10:14] /a 1
[27/4/2023 21:10:14] /a 1
[27/4/2023 21:10:14] /a 1
[27/4/2023 21:10:15] /a 1
[27/4/2023 21:10:16] /a 1
[27/4/2023 21:10:16] /a 1
[27/4/2023 21:10:16] /a 1
[27/4/2023 21:14:46] /t
[27/4/2023 21:15:23] /a 1
[27/4/2023 21:15:24] /a 1
[27/4/2023 21:15:24] /a 1
[27/4/2023 21:15:24] /a 1
[27/4/2023 21:15:25] /a 1
[27/4/2023 21:15:26] /a 1
[27/4/2023 21:15:27] /a 1
[27/4/2023 21:15:27] /a 1
[27/4/2023 21:15:27] /a 1
[27/4/2023 21:15:27] /a 1
[27/4/2023 21:15:28] /a 1
[27/4/2023 21:15:29] /a 1
[27/4/2023 21:15:31] /a 1
[27/4/2023 21:15:31] /a 1
[27/4/2023 21:15:31] /a 1
[27/4/2023 21:15:31] /a 1
[27/4/2023 21:15:31] /a 1
[27/4/2023 21:15:32] /t
[27/4/2023 21:15:41] /a 1
[27/4/2023 21:15:41] /a 1
[27/4/2023 21:15:42] /a 1
[27/4/2023 21:15:44] /a 1
[27/4/2023 21:15:45] /a 1
[27/4/2023 21:15:50] /a 1
[27/4/2023 21:15:50] /a 1
[27/4/2023 21:15:50] /a 1
[27/4/2023 21:15:51] /a 1
[27/4/2023 21:15:51] /a 1
[27/4/2023 21:15:51] /a 1
[27/4/2023 21:15:52] /a 1
[27/4/2023 21:15:53] /a 1
[27/4/2023 21:15:56] /a 1
[27/4/2023 21:15:57] /a 1
[27/4/2023 21:15:57] /a 1
[27/4/2023 21:15:58] /a 1
[27/4/2023 21:15:58] /a 1
[27/4/2023 21:15:59] /a 1
[27/4/2023 21:15:59] /a 1
[27/4/2023 21:16:0] /a 1
[27/4/2023 21:16:1] /a 1
[27/4/2023 21:16:2] /a 1
[27/4/2023 21:16:2] /a 1
[27/4/2023 21:16:3] /a 1
[27/4/2023 21:16:4] /a 1
[27/4/2023 21:16:5] /a 1
[27/4/2023 21:16:5] /a 1
[27/4/2023 21:16:8] /a 1
[27/4/2023 21:16:9] /a 1
[27/4/2023 21:18:38] /t
[27/4/2023 21:19:38] /t
[27/4/2023 21:19:40] /save
[27/4/2023 21:19:41] /save
[27/4/2023 21:20:26] /i sudden death
[27/4/2023 21:20:30] /i rune of sudden death
[27/4/2023 21:20:38] /i ultimate healing
[27/4/2023 21:20:41] /i ultimate healing rune
[27/4/2023 21:20:50] /i sudden death rune
[27/4/2023 21:21:4] /i wild growth rune
[27/4/2023 21:27:15] /t
[27/4/2023 21:27:24] /t
[27/4/2023 21:27:35] /up
[27/4/2023 21:27:39] /up
[27/4/2023 21:28:5] /down
[27/4/2023 21:28:11] /down
[27/4/2023 21:28:12] /down
[27/4/2023 21:28:13] /down
[27/4/2023 21:28:15] /down
[27/4/2023 21:28:17] /down
[27/4/2023 21:29:19] /a 1
[27/4/2023 21:29:20] /a 1
[27/4/2023 21:29:37] /a 1
[27/4/2023 21:29:43] /a 1
[27/4/2023 21:29:44] /a 1
[27/4/2023 21:29:44] /a 1
[27/4/2023 21:29:45] /a 1
[27/4/2023 21:29:45] /a 1
[27/4/2023 21:29:46] /a 1
[27/4/2023 22:3:40] /a 1
[27/4/2023 22:3:40] /a 1
[27/4/2023 22:3:41] /a 1
[27/4/2023 22:3:41] /a 1
[27/4/2023 22:3:41] /a 1
[27/4/2023 22:3:42] /a 1
[27/4/2023 22:3:42] /a 1
[27/4/2023 22:3:42] /a 1
[27/4/2023 22:4:6] /a 1
[27/4/2023 22:4:7] /a 1
[27/4/2023 22:7:16] /t
[27/4/2023 22:7:58] /a 1
[27/4/2023 22:7:58] /a 1
[27/4/2023 22:7:59] /a 1
[27/4/2023 22:8:37] /t
[5/5/2023 19:14:8] /save
[5/5/2023 19:14:22] /save
[5/5/2023 19:16:23] /up
[5/5/2023 19:16:33] /a 1
[5/5/2023 19:16:35] /a 1
[5/5/2023 19:16:35] /a 1
[5/5/2023 19:16:36] /a 1
[5/5/2023 19:16:36] /a 1
[5/5/2023 19:16:36] /a 1
[5/5/2023 19:16:37] /a 1
[5/5/2023 19:16:37] /a 1
[5/5/2023 19:16:38] /a 1
[5/5/2023 19:16:39] /a 1
[5/5/2023 19:16:39] /a 1
[5/5/2023 19:16:39] /a 1
[5/5/2023 19:16:41] /a 1
[5/5/2023 19:16:45] /a 1
[5/5/2023 19:16:46] /a 1
[5/5/2023 19:16:47] /a 1
[5/5/2023 19:16:47] /a 1
[5/5/2023 19:16:53] /a 1
[5/5/2023 19:16:54] /a 1
[5/5/2023 19:16:54] /a 1
[5/5/2023 19:16:57] /a 1
[5/5/2023 19:17:7] /a 1
[5/5/2023 19:17:8] /a 1
[5/5/2023 19:18:37] /a 1
[5/5/2023 19:18:38] /a 1
[5/5/2023 19:18:38] /a 1
[5/5/2023 19:23:22] /r
[5/5/2023 19:23:24] /save
[5/5/2023 19:25:36] /t
[5/5/2023 19:25:51] /a 1
[5/5/2023 19:25:51] /a 1
[5/5/2023 19:25:52] /a 1
[5/5/2023 19:25:53] /a 1
[5/5/2023 19:25:54] /a 1
[5/5/2023 19:25:54] /a 1
[5/5/2023 19:25:54] /a 1
[5/5/2023 19:25:54] /a 1
[5/5/2023 19:26:30] /r
[5/5/2023 19:26:30] /r
[5/5/2023 19:26:31] /r
[5/5/2023 19:26:31] /r
[5/5/2023 19:26:34] /r
[5/5/2023 19:26:37] /save
[5/5/2023 19:26:39] /r
[5/5/2023 19:26:42] /save
[5/5/2023 19:26:52] /r
[5/5/2023 19:27:33] /a 1
[5/5/2023 19:27:33] /a 1
[5/5/2023 19:27:33] /a 1
[5/5/2023 19:27:33] /a 1
[5/5/2023 19:27:33] /a 1
[5/5/2023 19:27:34] /a 1
[5/5/2023 19:27:36] /a 1
[5/5/2023 19:27:49] /a 1
[5/5/2023 19:27:49] /a 1
[5/5/2023 19:27:49] /a 1
[5/5/2023 19:27:50] /a 1
[5/5/2023 19:27:51] /a 1
[5/5/2023 19:27:52] /a 1
[5/5/2023 19:27:52] /a 1
[5/5/2023 19:27:52] /a 1
[5/5/2023 19:27:52] /a 1
[5/5/2023 19:27:52] /a 1
[5/5/2023 19:27:52] /a 1
[5/5/2023 19:27:53] /a 1
[5/5/2023 19:27:53] /a 1
[5/5/2023 19:27:53] /a 1
[5/5/2023 19:27:53] /a 1
[5/5/2023 19:27:53] /a 1
[5/5/2023 19:27:53] /a 1
[5/5/2023 19:27:53] /a 1
[5/5/2023 19:27:54] /a 1
[5/5/2023 19:27:54] /a 1
[5/5/2023 19:27:54] /a 1
[5/5/2023 19:27:54] /a 1
[5/5/2023 19:27:54] /a 1
[5/5/2023 19:27:55] /a 1
[5/5/2023 19:27:55] /a 1
[5/5/2023 19:27:55] /a 1
[5/5/2023 19:27:55] /a 1
[5/5/2023 19:27:55] /a 1
[5/5/2023 19:27:56] /a 1
[5/5/2023 19:27:56] /a 1
[5/5/2023 19:27:56] /a 1
[5/5/2023 19:27:56] /a 1
[5/5/2023 19:27:56] /a 1
[5/5/2023 19:27:56] /a 1
[5/5/2023 19:27:57] /a 1
[5/5/2023 19:27:57] /a 1
[5/5/2023 19:27:57] /a 1
[5/5/2023 19:27:57] /a 1
[5/5/2023 19:27:57] /a 1
[5/5/2023 19:27:58] /a 1
[5/5/2023 19:27:58] /a 1
[5/5/2023 19:27:58] /a 1
[5/5/2023 19:27:58] /a 1
[5/5/2023 19:27:59] /a 1
[5/5/2023 19:27:59] /a 1
[5/5/2023 19:27:59] /a 1
[5/5/2023 19:27:59] /a 1
[5/5/2023 19:27:59] /a 1
[5/5/2023 19:27:59] /a 1
[5/5/2023 19:28:0] /a 1
[5/5/2023 19:28:0] /a 1
[5/5/2023 19:28:0] /a 1
[5/5/2023 19:28:0] /a 1
[5/5/2023 19:28:0] /a 1
[5/5/2023 19:28:1] /a 1
[5/5/2023 19:28:1] /a 1
[5/5/2023 19:28:2] /a 1
[5/5/2023 19:28:2] /a 1
[5/5/2023 19:30:38] /up
[5/5/2023 19:31:13] /a 1
[5/5/2023 19:31:13] /a 1
[5/5/2023 19:31:14] /a 1
[5/5/2023 19:32:13] /down
[5/5/2023 19:32:17] /a 1
[5/5/2023 19:32:17] /a 1
[5/5/2023 19:32:17] /a 1
[5/5/2023 19:32:48] /i red bag
[5/5/2023 20:17:13] /a 1
[5/5/2023 20:17:13] /a 1
[5/5/2023 20:17:26] /a 1
[5/5/2023 20:17:26] /a 1
[5/5/2023 20:17:26] /a 1
[5/5/2023 20:17:26] /a 1
[5/5/2023 20:17:35] /t
[5/5/2023 20:17:35] /a 1
[5/5/2023 20:17:44] /t
[5/5/2023 21:19:14] /a 1
[5/5/2023 21:19:14] /a 1
[5/5/2023 21:19:18] /a 1
[5/5/2023 21:19:18] /a 1
[5/5/2023 21:19:19] /a 1
[5/5/2023 21:21:22] /i great mana potion
[5/5/2023 21:25:24] /i crystal coin
[5/5/2023 21:38:14] /reload monsters
[5/5/2023 21:38:18] /m rabbit
[5/5/2023 21:42:17] /i crystal coin
[5/5/2023 21:43:0] /save
[5/5/2023 21:49:17] /reload all
[5/5/2023 21:50:50] /down
[5/5/2023 21:50:52] /r
[5/5/2023 21:50:54] /up
[5/5/2023 21:50:56] /a 1
[5/5/2023 21:50:56] /a 1
[5/5/2023 21:50:59] /m rabbit
[5/5/2023 21:51:3] /r
[5/5/2023 21:56:3] /reload all
[5/5/2023 21:56:8] /r
[5/5/2023 21:56:9] /r
[5/5/2023 21:56:11] /r
[5/5/2023 21:56:13] /m rabbit
[5/5/2023 21:56:59] /reload all
[5/5/2023 21:57:2] /m rabbit
[5/5/2023 21:58:54] /reload all
[5/5/2023 21:58:57] /m rat
[5/5/2023 22:5:42] /reload all
[5/5/2023 22:5:51] /reload monsters
[5/5/2023 22:6:44] /reload all
[5/5/2023 22:6:48] /reload monsters
[5/5/2023 22:6:56] /m rat
[5/5/2023 22:7:12] /reload all
[5/5/2023 22:7:16] /m rat
[5/5/2023 22:7:18] /r
[5/5/2023 22:7:20] /r
[5/5/2023 22:7:21] /r
[5/5/2023 22:7:23] /r
[5/5/2023 22:7:25] /r
[5/5/2023 22:7:27] /r
[5/5/2023 22:10:48] /reload all
[5/5/2023 22:10:50] /t
[5/5/2023 22:10:54] /save
[5/5/2023 22:15:47] /reload all
[5/5/2023 22:15:48] /t
[5/5/2023 22:16:49] /reload
[5/5/2023 22:16:54] /reload all
[5/5/2023 22:17:54] /reload all
[5/5/2023 22:18:29] /reload config
[5/5/2023 22:18:41] /down
[5/5/2023 22:18:42] /down
[5/5/2023 22:18:45] /m rat
[5/5/2023 22:20:29] /reload config
[5/5/2023 22:20:33] /m rat
[5/5/2023 22:21:18] /reload config
[5/5/2023 22:21:19] /m rat
[5/5/2023 22:23:12] /reload config
[5/5/2023 22:23:17] /m rat
[5/5/2023 22:24:51] /reload config
[5/5/2023 22:25:50] /reload config
[5/5/2023 22:27:16] /reload config
[5/5/2023 22:29:46] /reload config
[5/5/2023 22:30:26] /reload config
[5/5/2023 22:30:59] /m troll
[5/5/2023 22:32:5] /i fury club
[5/5/2023 22:32:12] /i thaian sword
[5/5/2023 22:33:39] /reload config
[14/5/2023 17:21:59] /t
[18/6/2023 14:26:59] /t
[18/6/2023 14:27:3] /a 5
[18/6/2023 14:27:9] /t
[18/6/2023 14:27:31] /i teddy bear
[18/6/2023 14:27:35] /i teddy bear
[18/6/2023 14:31:6] /t
[18/6/2023 14:31:10] /m ferumbras
[18/6/2023 14:34:5] /i golden boots
[18/6/2023 14:34:56] /m morgaroth
[18/6/2023 14:36:59] /m devovorga
[18/6/2023 14:38:2] /a 5
[18/6/2023 14:38:2] /a 5
[18/6/2023 14:38:2] /a 5
[18/6/2023 14:38:3] /a 5
[18/6/2023 14:38:3] /a 5
[18/6/2023 14:38:3] /a 5
[18/6/2023 14:38:4] /a 5
[18/6/2023 14:38:4] /a 5
[18/6/2023 14:38:4] /a 5
[18/6/2023 14:38:5] /a 5
[18/6/2023 14:38:5] /a 5
[18/6/2023 14:38:5] /a 5
[18/6/2023 14:38:6] /a 5
[18/6/2023 14:38:6] /a 5
[18/6/2023 14:38:7] /a 5
[18/6/2023 14:38:7] /a 5
[18/6/2023 14:38:7] /a 5
[18/6/2023 14:38:8] /a 5
[18/6/2023 14:38:8] /a 5
[18/6/2023 14:38:8] /a 5
[18/6/2023 14:38:9] /a 5
[18/6/2023 14:38:9] /a 5
[18/6/2023 14:38:9] /a 5
[18/6/2023 14:38:11] /a 5
[18/6/2023 14:38:11] /a 5
[18/6/2023 14:38:16] /a 5
[18/6/2023 14:38:16] /a 5
[18/6/2023 14:38:17] /a 5
[18/6/2023 14:38:18] /a 5
[18/6/2023 14:38:18] /a 5
[18/6/2023 14:38:19] /a 5
[18/6/2023 14:38:19] /a 5
[18/6/2023 14:38:20] /a 5
[18/6/2023 14:38:20] /a 5
[18/6/2023 14:38:20] /a 5
[18/6/2023 14:38:20] /a 5
[18/6/2023 14:38:20] /a 5
[18/6/2023 14:38:20] /a 5
[18/6/2023 14:38:21] /a 5
[18/6/2023 14:38:21] /a 5
[18/6/2023 14:38:21] /a 5
[18/6/2023 14:38:22] /a 5
[18/6/2023 14:38:23] /a 5
[18/6/2023 14:38:45] /a 5
[18/6/2023 14:38:46] /a 5
[18/6/2023 14:38:46] /a 5
[18/6/2023 14:38:47] /a 5
[18/6/2023 14:38:48] /a 5
[18/6/2023 14:38:50] /a 5
[18/6/2023 14:38:50] /a 5
[18/6/2023 14:38:52] /a 5
[18/6/2023 14:38:53] /a 5
[18/6/2023 14:38:53] /a 5
[18/6/2023 14:38:54] /a 5
[18/6/2023 14:38:54] /a 5
[18/6/2023 14:38:55] /a 5
[18/6/2023 14:38:55] /a 5
[18/6/2023 14:38:57] /a 5
[18/6/2023 14:38:58] /a 5
[18/6/2023 14:39:0] /a 5
[18/6/2023 14:39:0] /a 5
[18/6/2023 14:39:1] /a 5
[18/6/2023 14:39:2] /a 5
[18/6/2023 14:39:2] /a 5
[18/6/2023 14:39:4] /a 5
[18/6/2023 14:39:5] /a 5
[18/6/2023 14:39:5] /a 5
[18/6/2023 14:39:6] /a 5
[18/6/2023 14:39:7] /a 5
[18/6/2023 14:39:22] /i infernal bolt
[18/6/2023 14:40:16] /a 5
[18/6/2023 14:40:17] /a 5
[18/6/2023 14:40:18] /a 5
[18/6/2023 14:40:19] /a 5
[18/6/2023 14:40:20] /a 5
[18/6/2023 14:40:20] /a 5
[18/6/2023 14:40:21] /a 5
[18/6/2023 14:40:22] /a 5
[18/6/2023 14:40:22] /a 5
[18/6/2023 14:40:23] /a 5
[18/6/2023 14:40:24] /a 5
[18/6/2023 14:40:24] /a 5
[18/6/2023 14:40:25] /a 5
[18/6/2023 14:40:27] /r
[18/6/2023 14:40:38] /a 5
[18/6/2023 14:40:39] /a 5
[18/6/2023 14:40:39] /a 5
[18/6/2023 14:40:42] /a 5
[18/6/2023 14:40:43] /a 5
[18/6/2023 14:40:44] /a 5
[18/6/2023 14:40:45] /a 5
[18/6/2023 14:41:20] /a 5
[18/6/2023 14:41:21] /a 5
[18/6/2023 14:41:22] /a 5
[18/6/2023 14:41:23] /a 5
[18/6/2023 14:41:23] /a 5
[18/6/2023 14:41:24] /a 5
[18/6/2023 14:41:24] /a 5
[18/6/2023 14:41:25] /a 5
[18/6/2023 14:41:25] /a 5
[18/6/2023 14:41:26] /a 5
[18/6/2023 14:41:26] /a 5
[18/6/2023 14:41:27] /a 5
[18/6/2023 14:41:27] /a 5
[26/7/2023 11:41:54] /a 1
[26/7/2023 11:42:0] /a 5
[26/7/2023 11:43:19] /i brown mushroom
[26/7/2023 11:43:23] /i mushroom
[26/7/2023 11:43:32] /r
[26/7/2023 11:43:52] /i golden legs
[26/7/2023 11:43:56] /i amulet of loss
[26/7/2023 11:43:58] /i golden ring
[26/7/2023 11:44:2] /i crystal ring
[26/7/2023 11:44:26] /a 5
[26/7/2023 11:44:29] /a 5
[26/7/2023 11:44:44] /a 5
[26/7/2023 11:44:45] /a 5
[26/7/2023 11:44:49] /a 5
[26/7/2023 11:44:50] /a 5
[26/7/2023 11:44:52] /a 5
[26/7/2023 11:45:2] /a 5
[26/7/2023 11:45:3] /a 5
[26/7/2023 11:45:4] /a 5
[26/7/2023 11:45:4] /a 5
[26/7/2023 11:45:6] /a 5
[26/7/2023 11:45:7] /a 5
[26/7/2023 11:45:7] /a 5
[26/7/2023 11:45:11] /a 5
[26/7/2023 11:45:11] /a 5
[26/7/2023 11:45:12] /a 5
[26/7/2023 11:45:13] /a 5
[26/7/2023 11:45:32] /a 5
[26/7/2023 11:45:36] /a 5
[26/7/2023 11:45:36] /a 5
[26/7/2023 11:45:37] /a 5
[26/7/2023 11:45:39] /a 5
[26/7/2023 11:45:40] /a 5
[26/7/2023 11:45:47] /a 5
[26/7/2023 11:45:48] /a 5
[26/7/2023 11:45:49] /a 5
[26/7/2023 11:45:51] /a 5
[26/7/2023 11:45:51] /a 5
[26/7/2023 11:45:52] /a 5
[26/7/2023 11:45:52] /a 5
[26/7/2023 11:45:53] /a 5
[26/7/2023 11:45:53] /a 5
[26/7/2023 11:45:53] /a 5
[26/7/2023 11:45:53] /a 5
[26/7/2023 11:45:53] /a 5
[26/7/2023 11:45:53] /a 5
[26/7/2023 11:45:54] /a 5
[26/7/2023 11:45:54] /a 5
[26/7/2023 11:45:54] /a 5
[26/7/2023 11:45:54] /a 5
[26/7/2023 11:45:54] /a 5
[26/7/2023 11:45:54] /a 5
[26/7/2023 11:45:54] /a 5
[26/7/2023 11:45:55] /a 5
[26/7/2023 11:45:55] /a 5
[26/7/2023 11:45:55] /a 5
[26/7/2023 11:45:56] /a 5
[26/7/2023 11:45:56] /a 5
[26/7/2023 11:45:57] /a 5
[26/7/2023 11:45:57] /a 5
[26/7/2023 11:45:57] /a 5
[26/7/2023 11:45:58] /a 5
[26/7/2023 11:45:58] /a 5
[26/7/2023 11:45:59] /t
[26/7/2023 11:46:1] /r
[26/7/2023 11:46:4] /save
[26/7/2023 11:46:11] /a 5
[26/7/2023 11:46:21] /clean
[26/7/2023 11:46:23] /save
[26/7/2023 11:46:24] /clean
[26/7/2023 11:46:27] /a 5
[26/7/2023 11:46:30] /a 5
[26/7/2023 11:46:30] /a 5
[26/7/2023 11:46:31] /a 5
[26/7/2023 11:46:32] /a 5
[26/7/2023 11:46:33] /a 5
[26/7/2023 11:46:35] /a 5
[26/7/2023 11:46:40] /a 5
[26/7/2023 11:46:43] /a 5
[26/7/2023 11:46:43] /a 5
[26/7/2023 11:46:44] /a 5
[26/7/2023 11:46:45] /a 5
[26/7/2023 11:46:59] /a 5
[26/7/2023 11:46:59] /a 5
[26/7/2023 11:50:11] /a 5
[26/7/2023 11:50:11] /a 5
[26/7/2023 11:50:12] /a 5
[26/7/2023 11:50:12] /a 5
[26/7/2023 11:50:13] /a 5
[26/7/2023 11:50:13] /a 5
[26/7/2023 11:50:13] /a 5
[26/7/2023 11:50:14] /a 5
[26/7/2023 11:50:14] /a 5
[26/7/2023 11:50:14] /a 5
[26/7/2023 11:50:14] /a 5
[26/7/2023 11:50:15] /a 5
[26/7/2023 11:50:15] /a 5
[26/7/2023 11:50:16] /a 5
[26/7/2023 11:50:16] /a 5
[26/7/2023 11:50:17] /a 5
[26/7/2023 11:50:18] /a 5
[26/7/2023 11:50:18] /a 5
[26/7/2023 11:50:19] /a 5
[26/7/2023 11:50:19] /a 5
[26/7/2023 11:50:19] /a 5
[26/7/2023 11:50:19] /a 5
[26/7/2023 11:50:20] /a 5
[26/7/2023 11:50:20] /a 5
[26/7/2023 11:50:20] /a 5
[26/7/2023 11:50:20] /a 5
[26/7/2023 11:50:21] /a 5
[26/7/2023 11:50:22] /t
[26/7/2023 11:50:22] /a 5
[26/7/2023 11:50:23] /a 5
[26/7/2023 11:50:23] /a 5
[26/7/2023 11:50:23] /a 5
[26/7/2023 11:50:23] /a 5
[26/7/2023 11:50:24] /a 5
[26/7/2023 11:50:24] /a 5
[26/7/2023 11:50:25] /a 5
[26/7/2023 11:50:25] /a 5
[26/7/2023 11:50:26] /a 5
[26/7/2023 11:50:27] /a 5
[26/7/2023 11:50:27] /a 5
[26/7/2023 11:50:28] /a 5
[26/7/2023 11:50:28] /a 5
[26/7/2023 11:50:29] /a 5
[26/7/2023 11:50:29] /a 5
[26/7/2023 11:50:29] /a 5
[26/7/2023 11:50:29] /a 5
[26/7/2023 11:50:30] /a 5
[26/7/2023 11:50:31] /a 5
[26/7/2023 11:50:32] /a 5
[26/7/2023 11:50:32] /a 5
[26/7/2023 11:50:39] /a 5
[26/7/2023 11:50:39] /a 5
[26/7/2023 11:50:40] /a 5
[26/7/2023 11:50:42] /up
[26/7/2023 11:50:55] /a 5
[26/7/2023 11:50:56] /a 5
[26/7/2023 11:50:56] /a 5
[26/7/2023 11:50:57] /a 5
[26/7/2023 11:50:59] /a 5
[26/7/2023 11:50:59] /a 5
[26/7/2023 11:51:3] /a 5
[26/7/2023 11:51:3] /a 5
[26/7/2023 11:51:3] /a 5
[26/7/2023 11:51:7] /a 5
[26/7/2023 11:51:8] /a 5
[26/7/2023 11:51:11] /a 5
[26/7/2023 11:51:11] /a 5
[26/7/2023 11:51:11] /a 5
[26/7/2023 11:51:12] /a 5
[26/7/2023 11:51:12] /a 5
[26/7/2023 11:51:12] /a 5
[26/7/2023 11:51:12] /a 5
[26/7/2023 11:51:12] /a 5
[26/7/2023 11:51:12] /a 5
[26/7/2023 11:51:13] /a 5
[26/7/2023 11:51:13] /a 5
[26/7/2023 11:51:13] /a 5
[26/7/2023 11:51:13] /a 5
[26/7/2023 11:51:13] /a 5
[26/7/2023 11:51:14] /t
[26/7/2023 11:51:15] /a 5
[26/7/2023 11:51:15] /a 5
[26/7/2023 11:51:16] /a 5
[26/7/2023 11:51:34] /a 5
[26/7/2023 11:51:34] /a 5
[26/7/2023 11:51:34] /a 5
[26/7/2023 11:51:36] /a 5
[26/7/2023 11:51:40] /a 5
[26/7/2023 11:51:42] /a 5
[26/7/2023 11:51:42] /a 5
[26/7/2023 11:51:43] /a 5
[26/7/2023 11:52:14] /a 5
[26/7/2023 11:52:15] /a 5
[26/7/2023 11:52:15] /a 5
[26/7/2023 11:52:21] /a 5
[26/7/2023 11:52:24] /a 5
[26/7/2023 11:52:25] /a 5
[26/7/2023 11:52:29] /a 5
[26/7/2023 11:52:29] /a 5
[26/7/2023 11:52:30] /a 5
[26/7/2023 11:52:33] /a 5
[26/7/2023 11:52:34] /t
[26/7/2023 11:52:56] /up
[26/7/2023 11:52:58] /up
[26/7/2023 11:53:16] /down
[26/7/2023 11:53:19] /a 5
[26/7/2023 11:53:21] /down
[26/7/2023 11:53:23] /a 5
[26/7/2023 11:53:26] /a 5
[26/7/2023 11:53:26] /a 5
[26/7/2023 11:53:27] /a 5
[26/7/2023 11:53:28] /a 5
[26/7/2023 11:53:28] /a 5
[26/7/2023 11:53:28] /a 5
[26/7/2023 11:53:29] /a 5
[26/7/2023 11:53:30] /a 5
[26/7/2023 11:53:30] /a 5
[26/7/2023 11:53:31] /a 5
[26/7/2023 11:53:32] /a 5
[26/7/2023 11:56:59] /t
[26/7/2023 11:57:1] /a 5
[26/7/2023 11:57:2] /a 5
[26/7/2023 11:57:6] /a 5
[26/7/2023 11:57:9] /a 5
[26/7/2023 11:57:10] /a 5
[26/7/2023 11:57:10] /a 5
[26/7/2023 11:57:11] /a 5
[26/7/2023 11:57:12] /a 5
[26/7/2023 11:57:13] /a 5
[26/7/2023 11:57:14] /a 5
[26/7/2023 11:57:14] /a 5
[26/7/2023 11:57:15] /a 5
[26/7/2023 11:57:16] /a 5
[26/7/2023 11:57:16] /a 5
[26/7/2023 11:57:17] /a 5
[26/7/2023 11:57:18] /a 5
[26/7/2023 11:57:19] /a 5
[26/7/2023 11:57:19] /a 5
[26/7/2023 11:57:20] /a 5
[26/7/2023 11:57:21] /save
[26/7/2023 11:57:23] /a 5
[26/7/2023 11:57:23] /a 5
[26/7/2023 11:57:24] /a 5
[26/7/2023 11:57:24] /a 5
[26/7/2023 11:57:24] /a 5
[26/7/2023 11:57:25] /a 5
[26/7/2023 11:57:46] /a 5
[26/7/2023 11:57:47] /a 5
[26/7/2023 11:57:47] /a 5
[26/7/2023 11:57:49] /a 5
[26/7/2023 11:57:49] /a 5
[26/7/2023 11:57:49] /a 5
[26/7/2023 11:57:50] /a 5
[26/7/2023 11:57:50] /a 5
[26/7/2023 11:57:50] /a 5
[26/7/2023 11:57:51] /a 5
[26/7/2023 11:57:51] /a 5
[26/7/2023 11:57:52] /a 5
[26/7/2023 11:57:53] /a 5
[26/7/2023 11:57:53] /a 5
[26/7/2023 11:57:53] /a 5
[26/7/2023 11:57:54] /a 5
[26/7/2023 11:57:54] /a 5
[26/7/2023 11:57:55] /a 5
[26/7/2023 11:57:55] /a 5
[26/7/2023 11:57:55] /a 5
[26/7/2023 11:57:56] /a 5
[26/7/2023 11:57:57] /a 5
[26/7/2023 11:57:57] /a 5
[26/7/2023 11:57:58] /a 5
[26/7/2023 11:57:58] /a 5
[26/7/2023 11:57:58] /a 5
[26/7/2023 11:57:58] /a 5
[26/7/2023 11:57:58] /a 5
[26/7/2023 11:57:59] /a 5
[26/7/2023 11:57:59] /a 5
[26/7/2023 11:58:0] /a 5
[26/7/2023 11:58:1] /a 5
[26/7/2023 11:58:1] /a 5
[26/7/2023 11:58:1] /a 5
[26/7/2023 11:58:2] /a 5
[26/7/2023 11:58:6] /a 5
[26/7/2023 11:58:12] /r
[26/7/2023 11:58:18] /a 5
[26/7/2023 11:58:22] /down
[26/7/2023 11:58:24] /down
[26/7/2023 11:58:27] /down
[26/7/2023 11:58:29] /r
[26/7/2023 11:58:43] /up
[26/7/2023 11:58:52] /r
[26/7/2023 11:59:1] /r
[26/7/2023 11:59:6] /a 5
[26/7/2023 11:59:9] /a 5
[26/7/2023 11:59:9] /a 5
[26/7/2023 11:59:9] /a 5
[26/7/2023 11:59:10] /a 5
[26/7/2023 11:59:10] /a 5
[26/7/2023 11:59:10] /a 5
[26/7/2023 11:59:11] /a 5
[26/7/2023 11:59:11] /a 5
[26/7/2023 11:59:12] /a 5
[26/7/2023 11:59:12] /a 5
[26/7/2023 11:59:12] /a 5
[26/7/2023 11:59:12] /a 5
[26/7/2023 11:59:13] /a 5
[26/7/2023 11:59:13] /a 5
[26/7/2023 11:59:24] /a 5
[26/7/2023 11:59:24] /a 5
[26/7/2023 11:59:25] /a 5
[26/7/2023 11:59:26] /a 5
[26/7/2023 11:59:26] /a 5
[26/7/2023 11:59:27] /a 5
[26/7/2023 11:59:27] /a 5
[26/7/2023 11:59:28] /a 5
[26/7/2023 11:59:37] /clean
[26/7/2023 11:59:38] /save
[26/7/2023 12:1:1] /a 5
[26/7/2023 12:1:21] /a 5
[26/7/2023 12:1:22] /a 5
[26/7/2023 12:1:22] /a 5
[26/7/2023 12:1:23] /a 5
[26/7/2023 12:1:24] /a 5
[26/7/2023 12:1:24] /a 5
[26/7/2023 12:1:25] /a 5
[26/7/2023 12:1:27] /a 5
[26/7/2023 12:1:28] /a 5
[26/7/2023 12:1:29] /a 5
[26/7/2023 12:1:29] /a 5
[26/7/2023 12:1:30] /a 5
[26/7/2023 12:1:30] /a 5
[26/7/2023 12:1:31] /a 5
[26/7/2023 12:1:35] /t
[26/7/2023 12:1:37] /clean
[26/7/2023 12:1:38] /save
[26/7/2023 12:1:53] /a 5
[26/7/2023 12:3:22] /a 5
[26/7/2023 12:3:23] /a 5
[26/7/2023 12:3:23] /a 5
[26/7/2023 12:3:25] /a 5
[26/7/2023 12:3:25] /a 5
[26/7/2023 12:3:26] /a 5
[26/7/2023 12:3:26] /a 5
[26/7/2023 12:3:26] /a 5
[26/7/2023 12:3:27] /a 5
[26/7/2023 12:3:28] /a 5
[26/7/2023 12:3:28] /a 5
[26/7/2023 12:3:29] /a 5
[26/7/2023 12:3:30] /a 5
[26/7/2023 12:3:31] /a 5
[26/7/2023 12:3:31] /a 5
[26/7/2023 12:3:41] /a 5
[26/7/2023 12:3:41] /a 5
[26/7/2023 12:3:44] /a 5
[26/7/2023 12:3:45] /a 5
[26/7/2023 12:3:45] /a 5
[26/7/2023 12:3:45] /a 5
[26/7/2023 12:3:46] /a 5
[26/7/2023 12:3:51] /a 5
[26/7/2023 12:3:52] /a 5
[26/7/2023 12:3:52] /a 5
[26/7/2023 12:3:53] /a 5
[26/7/2023 12:3:54] /a 5
[26/7/2023 12:3:55] /a 5
[26/7/2023 12:3:55] /a 5
[26/7/2023 12:3:56] /a 5
[26/7/2023 12:3:56] /a 5
[26/7/2023 12:3:57] /a 5
[26/7/2023 12:4:59] /a 5
[26/7/2023 12:4:59] /a 5
[26/7/2023 12:5:1] /a 5
[26/7/2023 12:5:2] /a 5
[26/7/2023 12:5:3] /a 5
[26/7/2023 12:5:3] /a 5
[26/7/2023 12:5:3] /a 5
[26/7/2023 12:5:4] /a 5
[26/7/2023 12:5:4] /a 5
[26/7/2023 12:5:5] /a 5
[26/7/2023 12:5:6] /a 5
[26/7/2023 12:5:6] /a 5
[26/7/2023 12:5:7] /a 5
[26/7/2023 12:5:7] /a 5
[26/7/2023 12:5:8] /a 5
[26/7/2023 12:5:9] /down
[26/7/2023 12:5:10] /a 5
[26/7/2023 12:5:10] /a 5
[26/7/2023 12:5:11] /a 5
[26/7/2023 12:5:11] /a 5
[26/7/2023 12:5:12] /a 5
[26/7/2023 12:5:12] /a 5
[26/7/2023 12:5:13] /a 5
[26/7/2023 12:5:13] /a 5
[26/7/2023 12:5:14] /a 5
[26/7/2023 12:5:15] /a 5
[26/7/2023 12:5:18] /a 5
[26/7/2023 12:5:18] /a 5
[26/7/2023 12:5:19] /a 5
[26/7/2023 12:5:19] /a 5
[26/7/2023 12:5:20] /a 5
[26/7/2023 12:5:20] /a 5
[26/7/2023 12:5:21] /a 5
[26/7/2023 12:5:21] /a 5
[26/7/2023 12:5:23] /a 5
[26/7/2023 12:5:24] /a 5
[26/7/2023 12:5:26] /a 5
[26/7/2023 12:5:26] /a 5
[26/7/2023 12:5:27] /a 5
[26/7/2023 12:5:28] /a 5
[26/7/2023 12:5:28] /a 5
[26/7/2023 12:5:29] /a 5
[26/7/2023 12:5:30] /a 5
[26/7/2023 12:5:31] /a 5
[26/7/2023 12:5:32] /a 5
[26/7/2023 12:5:32] /a 5
[26/7/2023 12:5:32] /a 5
[26/7/2023 12:5:32] /a 5
[26/7/2023 12:5:32] /a 5
[26/7/2023 12:5:32] /a 5
[26/7/2023 12:5:33] /a 5
[26/7/2023 12:5:34] /t
[26/7/2023 12:5:34] /a 5
[26/7/2023 12:5:35] /a 5
[26/7/2023 12:5:35] /a 5
[26/7/2023 12:5:36] /a 5
[26/7/2023 12:5:37] /a 5
[26/7/2023 15:23:10] /a 5
[26/7/2023 15:23:15] /a 5
[26/7/2023 15:23:15] /a 5
[26/7/2023 15:23:16] /a 5
[26/7/2023 15:27:8] /t
[26/7/2023 15:27:14] /a 5
[26/7/2023 15:27:14] /a 5
[26/7/2023 15:27:27] /a 5
[26/7/2023 15:27:33] /a 5
[26/7/2023 15:27:33] /a 5
[26/7/2023 15:27:34] /a 5
[26/7/2023 15:27:34] /a 5
[26/7/2023 15:27:35] /a 5
[26/7/2023 15:27:36] /a 5
[26/7/2023 15:27:36] /a 5
[26/7/2023 15:27:37] /a 5
[26/7/2023 15:27:37] /a 5
[26/7/2023 15:27:38] /a 5
[26/7/2023 15:27:39] /a 5
[26/7/2023 15:27:39] /a 5
[26/7/2023 15:27:39] /a 5
[26/7/2023 15:27:40] /a 5
[26/7/2023 15:27:41] /a 5
[26/7/2023 15:27:41] /a 5
[26/7/2023 15:27:41] /a 5
[26/7/2023 15:27:42] /a 5
[26/7/2023 15:27:42] /a 5
[26/7/2023 15:27:43] /a 5
[26/7/2023 15:27:43] /a 5
[26/7/2023 15:27:44] /a 5
